TN:
SF:/home/cdivriotis/Documents/cours_L2/semestre2/SE/projet/projet-se/Projet/detecter.c
FN:16,main
FNDA:14,main
FNF:1
FNH:1
DA:16,14
DA:18,14
DA:20,1
DA:21,1
DA:48,13
DA:49,13
DA:50,13
DA:51,13
DA:52,13
DA:53,13
DA:56,51
DA:58,28
DA:61,2
DA:62,2
DA:64,12
DA:65,12
DA:67,2
DA:68,2
DA:70,10
DA:72,11
DA:73,11
DA:75,1
DA:76,1
DA:78,10
DA:80,3
DA:81,3
DA:82,3
DA:84,0
DA:89,10
DA:91,1
DA:92,1
DA:96,9
DA:97,9
DA:99,0
DA:100,0
DA:103,69
DA:106,60
DA:108,11
DA:109,11
DA:110,11
DA:111,11
DA:114,60
DA:116,0
DA:117,0
DA:118,0
DA:120,60
DA:121,120
DA:124,0
DA:125,0
DA:126,0
DA:128,60
DA:130,0
DA:131,0
DA:132,0
DA:134,60
DA:136,0
DA:137,0
DA:138,0
DA:140,60
DA:142,0
DA:143,0
DA:144,0
DA:146,60
DA:147,60
DA:148,0
DA:149,0
DA:151,60
DA:153,0
DA:154,0
DA:155,0
DA:157,60
DA:158,60
DA:159,1048721
DA:161,135266477
DA:163,134217876
DA:165,83886184
DA:167,65535
DA:168,65535
DA:169,65535
DA:171,0
DA:172,0
DA:173,0
DA:176,83886184
DA:180,50331692
DA:182,0
DA:183,0
DA:184,0
DA:186,0
DA:187,0
DA:188,0
DA:191,50331692
DA:193,46
DA:194,46
DA:200,60
DA:202,0
DA:203,0
DA:204,0
DA:206,60
DA:208,0
DA:209,0
DA:210,0
DA:212,60
DA:214,60
DA:216,46
DA:218,60
DA:220,12
DA:221,12
DA:222,12
DA:223,12
DA:224,12
DA:228,60
DA:230,0
DA:231,0
DA:234,9
DA:235,9
LF:115
LH:75
end_of_record
